<?xml version="1.0" encoding="UTF-8"?>
<testng-results ignored="0" total="2" passed="2" failed="0" skipped="0">
  <reporter-output>
  </reporter-output>
  <suite started-at="2023-03-15T15:05:02Z" name="Default suite" finished-at="2023-03-15T15:05:34Z" duration-ms="32109">
    <groups>
    </groups>
    <test started-at="2023-03-15T15:05:02Z" name="Default test" finished-at="2023-03-15T15:05:34Z" duration-ms="32109">
      <class name="testcases.AddCustomerTest">
        <test-method signature="addCustomerTest(java.lang.String, java.lang.String, java.lang.String)[pri:0, instance:testcases.AddCustomerTest@6c4980d3]" started-at="2023-03-15T15:05:03Z" name="addCustomerTest" data-provider="dp" finished-at="2023-03-15T15:05:17Z" duration-ms="14536" status="PASS">
          <params>
            <param index="0">
              <value>
                <![CDATA[karthika]]>
              </value>
            </param>
            <param index="1">
              <value>
                <![CDATA[anila]]>
              </value>
            </param>
            <param index="2">
              <value>
                <![CDATA[12.0]]>
              </value>
            </param>
          </params>
          <reporter-output>
          </reporter-output>
        </test-method> <!-- addCustomerTest -->
        <test-method is-config="true" signature="tearDown(org.testng.ITestResult, java.lang.reflect.Method)[pri:0, instance:testcases.AddCustomerTest@6c4980d3]" started-at="2023-03-15T15:05:17Z" name="tearDown" finished-at="2023-03-15T15:05:18Z" duration-ms="1176" status="PASS">
          <params>
            <param index="0">
              <value>
                <![CDATA[[TestResult name=addCustomerTest status=SUCCESS method=AddCustomerTest.addCustomerTest(java.lang.String, java.lang.String, java.lang.String)[pri:0, instance:testcases.AddCustomerTest@6c4980d3] output={null}]]]>
              </value>
            </param>
            <param index="1">
              <value>
                <![CDATA[public void testcases.AddCustomerTest.addCustomerTest(java.lang.String,java.lang.String,java.lang.String) throws java.lang.InterruptedException,java.io.IOException]]>
              </value>
            </param>
          </params>
          <reporter-output>
          </reporter-output>
        </test-method> <!-- tearDown -->
        <test-method signature="addCustomerTest(java.lang.String, java.lang.String, java.lang.String)[pri:0, instance:testcases.AddCustomerTest@6c4980d3]" started-at="2023-03-15T15:05:18Z" name="addCustomerTest" data-provider="dp" finished-at="2023-03-15T15:05:33Z" duration-ms="14347" status="PASS">
          <params>
            <param index="0">
              <value>
                <![CDATA[sreejith]]>
              </value>
            </param>
            <param index="1">
              <value>
                <![CDATA[ramesh]]>
              </value>
            </param>
            <param index="2">
              <value>
                <![CDATA[34.0]]>
              </value>
            </param>
          </params>
          <reporter-output>
          </reporter-output>
        </test-method> <!-- addCustomerTest -->
        <test-method is-config="true" signature="tearDown(org.testng.ITestResult, java.lang.reflect.Method)[pri:0, instance:testcases.AddCustomerTest@6c4980d3]" started-at="2023-03-15T15:05:33Z" name="tearDown" finished-at="2023-03-15T15:05:34Z" duration-ms="1325" status="PASS">
          <params>
            <param index="0">
              <value>
                <![CDATA[[TestResult name=addCustomerTest status=SUCCESS method=AddCustomerTest.addCustomerTest(java.lang.String, java.lang.String, java.lang.String)[pri:0, instance:testcases.AddCustomerTest@6c4980d3] output={null}]]]>
              </value>
            </param>
            <param index="1">
              <value>
                <![CDATA[public void testcases.AddCustomerTest.addCustomerTest(java.lang.String,java.lang.String,java.lang.String) throws java.lang.InterruptedException,java.io.IOException]]>
              </value>
            </param>
          </params>
          <reporter-output>
          </reporter-output>
        </test-method> <!-- tearDown -->
      </class> <!-- testcases.AddCustomerTest -->
    </test> <!-- Default test -->
  </suite> <!-- Default suite -->
</testng-results>
