<?xml version="1.0" encoding="UTF-8"?>
<!-- Generated by org.testng.reporters.JUnitXMLReporter -->
<testsuite ignored="0" hostname="TOSHIBA-PC" failures="0" tests="4" name="SystemTest" time="156.885" errors="0" timestamp="12 Mar 2023 14:46:30 GMT">
  <testcase classname="testcases.CustomerLoginTest" name="customerLoginTest" time="11.443"/>
  <testcase classname="testcases.BankManagerLoginTest" name="bankManagerLoginTest" time="2.344"/>
  <testcase classname="testcases.AddCustomerTest" name="addCustomerTest" time="9.751"/>
  <testcase classname="testcases.OpenAccountTest" name="openAccountTest" time="12.953"/>
</testsuite> <!-- SystemTest -->
